<?xml version="1.0" encoding="utf-8"?><testsuites><testsuite name="pytest" errors="0" failures="0" skipped="0" tests="18" time="0.086" timestamp="2024-02-05T13:45:43.037514" hostname="7560"><testcase classname="tests.assorted_hooks.check_typing.test_check_optional" name="test_optional" time="0.002" /><testcase classname="tests.assorted_hooks.check_typing.test_isinstance_union_tuple" name="test_no_tuple_isinstance" time="0.001" /><testcase classname="tests.assorted_hooks.check_typing.test_isinstance_union_tuple" name="test_no_tuple_issubclass" time="0.001" /><testcase classname="tests.assorted_hooks.check_typing.test_isinstance_union_tuple" name="test_no_union_isinstance" time="0.001" /><testcase classname="tests.assorted_hooks.check_typing.test_isinstance_union_tuple" name="test_no_union_issubclass" time="0.001" /><testcase classname="tests.assorted_hooks.check_typing.test_no_future_annotations" name="test_no_future_annotations" time="0.001" /><testcase classname="tests.assorted_hooks.check_typing.test_no_hints_overload_implementation" name="test_no_hints_overload_implementation_true_negative" time="0.001" /><testcase classname="tests.assorted_hooks.check_typing.test_no_hints_overload_implementation" name="test_no_hints_overload_implementation_true_negative_class" time="0.001" /><testcase classname="tests.assorted_hooks.check_typing.test_no_hints_overload_implementation" name="test_no_hints_overload_implementation_true_args" time="0.001" /><testcase classname="tests.assorted_hooks.check_typing.test_no_hints_overload_implementation" name="test_no_hints_overload_implementation_true_positive_return" time="0.001" /><testcase classname="tests.assorted_hooks.check_typing.test_no_return_union" name="test_no_return_union_pep604" time="0.001" /><testcase classname="tests.assorted_hooks.check_typing.test_no_return_union" name="test_no_return_union_pep604_recursion" time="0.001" /><testcase classname="tests.assorted_hooks.check_typing.test_no_return_union" name="test_no_return_union_typing_recursion" time="0.001" /><testcase classname="tests.assorted_hooks.check_typing.test_no_return_union" name="test_no_return_union_typing" time="0.001" /><testcase classname="tests.assorted_hooks.check_typing.test_overload_default_ellipsis" name="test_overload_assign_positional_only" time="0.001" /><testcase classname="tests.assorted_hooks.check_typing.test_overload_default_ellipsis" name="test_overload_assign_positional_or_keyword" time="0.001" /><testcase classname="tests.assorted_hooks.check_typing.test_overload_default_ellipsis" name="test_overload_assign_keyword_only" time="0.001" /><testcase classname="tests.assorted_hooks.check_typing.test_pep604_union" name="test_pep604_union" time="0.001" /></testsuite></testsuites>
