<?xml version="1.0" encoding="utf-8"?><testsuites><testsuite name="pytest" errors="0" failures="0" skipped="0" tests="3" time="0.025" timestamp="2023-12-04T17:53:31.454197" hostname="7560"><testcase classname="tests.assorted_hooks.check_typing.test_no_hints_overload_implementation" name="test_no_hints_overload_implementation_true_negative" time="0.001" /><testcase classname="tests.assorted_hooks.check_typing.test_no_hints_overload_implementation" name="test_no_hints_overload_implementation_true_args" time="0.001" /><testcase classname="tests.assorted_hooks.check_typing.test_no_hints_overload_implementation" name="test_no_hints_overload_implementation_true_positive_return" time="0.001" /></testsuite></testsuites>
