<?xml version="1.0" encoding="utf-8"?><testsuites><testsuite name="pytest" errors="0" failures="0" skipped="0" tests="9" time="0.037" timestamp="2023-11-29T19:26:56.445516" hostname="7560"><testcase classname="tests.assorted_hooks.check_typing.test_check_optional" name="test_optional" time="0.001" /><testcase classname="tests.assorted_hooks.check_typing.test_no_return_union" name="test_no_return_union_pep604" time="0.001" /><testcase classname="tests.assorted_hooks.check_typing.test_no_return_union" name="test_no_return_union_pep604_recursion" time="0.000" /><testcase classname="tests.assorted_hooks.check_typing.test_no_return_union" name="test_no_return_union_typing_recursion" time="0.000" /><testcase classname="tests.assorted_hooks.check_typing.test_no_return_union" name="test_no_return_union_typing" time="0.000" /><testcase classname="tests.assorted_hooks.check_typing.test_overload_default_ellipsis" name="test_overload_assign_positional_only" time="0.001" /><testcase classname="tests.assorted_hooks.check_typing.test_overload_default_ellipsis" name="test_overload_assign_positional_or_keyword" time="0.001" /><testcase classname="tests.assorted_hooks.check_typing.test_overload_default_ellipsis" name="test_overload_assign_keyword_only" time="0.000" /><testcase classname="tests.assorted_hooks.check_typing.test_pep604_union" name="test_pep604_union" time="0.001" /></testsuite></testsuites>
